<?xml version="1.0" encoding="UTF-8"?>
<robot generator="Robot 6.0.1 (Python 3.9.12 on darwin)" generated="20230109 14:42:32.923" rpa="false" schemaversion="3">
<suite id="s1" name="Amazon Testes" source="/Users/helenabatista/Documents/Visual Studio/Codigo/robo/WebTesting/amazon_testes.robot">
<test id="s1-t1" name="caso de Teste 02 - Pesquisa de um Produto" line="21">
<kw name="Abrir o navegador" library="amazon_resources" type="SETUP">
<kw name="Open Browser" library="SeleniumLibrary">
<arg>browser=chrome</arg>
<doc>Opens a new browser instance to the optional ``url``.</doc>
<msg timestamp="20230109 14:42:33.053" level="INFO">Opening browser 'chrome' to base url 'None'.</msg>
<status status="PASS" starttime="20230109 14:42:33.053" endtime="20230109 14:42:38.863"/>
</kw>
<kw name="Maximize Browser Window" library="SeleniumLibrary">
<doc>Maximizes current browser window.</doc>
<status status="PASS" starttime="20230109 14:42:38.864" endtime="20230109 14:42:39.267"/>
</kw>
<status status="PASS" starttime="20230109 14:42:33.053" endtime="20230109 14:42:39.268"/>
</kw>
<kw name="Acessar a home page do site Amazon.com.br" library="amazon_resources">
<kw name="Go To" library="SeleniumLibrary">
<arg>url=${URL}</arg>
<doc>Navigates the current browser window to the provided ``url``.</doc>
<msg timestamp="20230109 14:42:39.269" level="INFO">Opening url 'https://www.amazon.com.br'</msg>
<status status="PASS" starttime="20230109 14:42:39.268" endtime="20230109 14:42:46.582"/>
</kw>
<kw name="Wait Until Element Is Visible" library="SeleniumLibrary">
<arg>locator=${MENU_ELETRONICOS}</arg>
<doc>Waits until the element ``locator`` is visible.</doc>
<status status="PASS" starttime="20230109 14:42:46.582" endtime="20230109 14:42:48.966"/>
</kw>
<status status="PASS" starttime="20230109 14:42:39.268" endtime="20230109 14:42:48.967"/>
</kw>
<kw name="Digitar o nome de produto &quot;Xbox Series S&quot; no campo de pesquisa" library="amazon_resources" sourcename="Digitar o nome de produto &quot;${PRODUTO}&quot; no campo de pesquisa">
<kw name="Input Text" library="SeleniumLibrary">
<arg>locator=twotabsearchtextbox</arg>
<arg>text=${PRODUTO}</arg>
<doc>Types the given ``text`` into the text field identified by ``locator``.</doc>
<msg timestamp="20230109 14:42:48.968" level="INFO">Typing text 'Xbox Series S' into text field 'twotabsearchtextbox'.</msg>
<status status="PASS" starttime="20230109 14:42:48.967" endtime="20230109 14:42:50.916"/>
</kw>
<status status="PASS" starttime="20230109 14:42:48.967" endtime="20230109 14:42:50.916"/>
</kw>
<kw name="Clicar no botão de pesquisa" library="amazon_resources">
<kw name="Click Element" library="SeleniumLibrary">
<arg>locator=nav-search-submit-button</arg>
<doc>Click the element identified by ``locator``.</doc>
<msg timestamp="20230109 14:42:50.917" level="INFO">Clicking element 'nav-search-submit-button'.</msg>
<status status="PASS" starttime="20230109 14:42:50.917" endtime="20230109 14:42:55.338"/>
</kw>
<status status="PASS" starttime="20230109 14:42:50.917" endtime="20230109 14:42:55.338"/>
</kw>
<kw name="Verificar o resultado da pesquisa, se está listando o produto pesquisado &quot;Console Xbox Series S&quot;" library="amazon_resources" sourcename="Verificar o resultado da pesquisa, se está listando o produto pesquisado &quot;${PRODUTO}&quot;">
<kw name="Wait Until Element Is Visible" library="SeleniumLibrary">
<arg>locator=(//span[contains(.,'Console Xbox Series S')])[2]</arg>
<doc>Waits until the element ``locator`` is visible.</doc>
<status status="PASS" starttime="20230109 14:42:55.339" endtime="20230109 14:42:55.384"/>
</kw>
<status status="PASS" starttime="20230109 14:42:55.338" endtime="20230109 14:42:55.384"/>
</kw>
<kw name="Fechar o navegador" library="amazon_resources" type="TEARDOWN">
<kw name="Capture Page Screenshot" library="SeleniumLibrary">
<doc>Takes a screenshot of the current page and embeds it into a log file.</doc>
<msg timestamp="20230109 14:42:55.940" level="INFO" html="true">&lt;/td&gt;&lt;/tr&gt;&lt;tr&gt;&lt;td colspan="3"&gt;&lt;a href="selenium-screenshot-11.png"&gt;&lt;img src="selenium-screenshot-11.png" width="800px"&gt;&lt;/a&gt;</msg>
<status status="PASS" starttime="20230109 14:42:55.385" endtime="20230109 14:42:55.940"/>
</kw>
<kw name="Close Browser" library="SeleniumLibrary">
<doc>Closes the current browser.</doc>
<status status="PASS" starttime="20230109 14:42:55.940" endtime="20230109 14:42:56.039"/>
</kw>
<status status="PASS" starttime="20230109 14:42:55.385" endtime="20230109 14:42:56.040"/>
</kw>
<doc>Esse teste verifica a buscar de um produto</doc>
<tag>buscar_produtos</tag>
<tag>lista_buscar</tag>
<status status="PASS" starttime="20230109 14:42:33.052" endtime="20230109 14:42:56.040"/>
</test>
<doc>Essa suite testa o site da Amazon.com.br</doc>
<status status="PASS" starttime="20230109 14:42:32.924" endtime="20230109 14:42:56.040"/>
</suite>
<statistics>
<total>
<stat pass="1" fail="0" skip="0">All Tests</stat>
</total>
<tag>
<stat pass="1" fail="0" skip="0">buscar_produtos</stat>
<stat pass="1" fail="0" skip="0">lista_buscar</stat>
</tag>
<suite>
<stat pass="1" fail="0" skip="0" id="s1" name="Amazon Testes">Amazon Testes</stat>
</suite>
</statistics>
<errors>
</errors>
</robot>
